<?xml version="1.0" encoding="UTF-8"?>
<coverage generated="1712331045019" clover="3.2.0">
  <project timestamp="1712331045019" name="All files">
    <metrics statements="11" coveredstatements="8" conditionals="0" coveredconditionals="0" methods="2" coveredmethods="1" elements="13" coveredelements="9" complexity="0" loc="11" ncloc="11" packages="1" files="1" classes="1"/>
    <file name="app.ts" path="/home/atalay/urlshortener-backend/src/app.ts">
      <metrics statements="11" coveredstatements="8" conditionals="0" coveredconditionals="0" methods="2" coveredmethods="1"/>
      <line num="4" count="1" type="stmt"/>
      <line num="5" count="1" type="stmt"/>
      <line num="7" count="1" type="stmt"/>
      <line num="9" count="1" type="stmt"/>
      <line num="10" count="1" type="stmt"/>
      <line num="11" count="1" type="stmt"/>
      <line num="14" count="1" type="stmt"/>
      <line num="15" count="0" type="stmt"/>
      <line num="17" count="0" type="stmt"/>
      <line num="23" count="0" type="stmt"/>
      <line num="26" count="1" type="stmt"/>
    </file>
  </project>
</coverage>
